Info: : 10464 mini-second(s) publishing element CapabilityPattern:MobGameDev[MobGameDev\capabilitypatterns\MobGameDev_C9E31320.html]
Info: CapabilityPattern:MobGameDev: 10466 mini seconds publishing element
Info: CapabilityPattern:MobGameDev: 310 mini seconds publishing process specific layout data
Info: Task:Criar a ideia do jogo: 637 mini seconds publishing element
Info: TaskDescriptor:Criar a ideia do jogo: 360 mini seconds publishing element
Info: : 2038 mini-second(s) publishing element Role:Artista[MobGameDev\roles\Artista_E9E69F8C.html]
Info: Role:Artista: 2038 mini seconds publishing element
Info: RoleDescriptor:Artista: 358 mini seconds publishing element
Info: Role:Designer: 109 mini seconds publishing element
Info: RoleDescriptor:Designer: 47 mini seconds publishing element
Info: Role:Programador: 125 mini seconds publishing element
Info: RoleDescriptor:Programador: 63 mini seconds publishing element
Info: Task:Desenvolver o conceito: 31 mini seconds publishing element
Info: TaskDescriptor:Desenvolver o conceito: 16 mini seconds publishing element
Info: Role:Engenheiro de Som: 125 mini seconds publishing element
Info: RoleDescriptor:Engenheiro de Som: 46 mini seconds publishing element
Info: Task:Desenvolver a prova do conceito: 16 mini seconds publishing element
Info: TaskDescriptor:Desenvolver a prova do conceito: 16 mini seconds publishing element
Info: Task:Criar um Documento de Design de Jogo (GDD): 15 mini seconds publishing element
Info: TaskDescriptor:Criar um Documento de Design de Jogo (GDD): 32 mini seconds publishing element
Info: Task:Criar Protótipos: 31 mini seconds publishing element
Info: TaskDescriptor:Criar Protótipos: 28 mini seconds publishing element
Info: Task:Arquitetura de Design: 19 mini seconds publishing element
Info: TaskDescriptor:Arquitetura de Design: 21 mini seconds publishing element
Info: Task:Desenvolvimento: 31 mini seconds publishing element
Info: TaskDescriptor:Desenvolvimento: 15 mini seconds publishing element
Info: Role:Testador: 79 mini seconds publishing element
Info: RoleDescriptor:Testador: 31 mini seconds publishing element
Info: Task:Testar o Jogo: 15 mini seconds publishing element
Info: TaskDescriptor:Testar o Jogo: 16 mini seconds publishing element
Info: Task:Suporte ao Jogo: 16 mini seconds publishing element
Info: TaskDescriptor:Suporte ao Jogo: 15 mini seconds publishing element
Info: CustomCategory:Configuration free process view: 717 mini seconds publishing element
Info: CustomCategory:Tasks: 32 mini seconds publishing element
Info: CustomCategory:Roles: 78 mini seconds publishing element
Info: CustomCategory:Processes: 31 mini seconds publishing element
Info: : Publishing time: 0 minutes 24 seconds
